<?xml version="1.0" encoding="UTF-8" ?>
<testsuite tests="14" failures="2" name="TestSuite" time="13.112" errors="0" skipped="12">
  <properties>
[...]
</properties>
  <testcase classname="com.orient.qa.testcases.HomePageTest" name="SetUp" time="9.005">
    <failure type="java.lang.NullPointerException">java.lang.NullPointerException
	at com.orient.qa.base.TestBase.initilization(TestBase.java:72)
	at com.orient.qa.testcases.HomePageTest.SetUp(HomePageTest.java:27)
</failure>
    <system-out>Configuring TestNG with: org.apache.maven.surefire.testng.conf.TestNG652Configurator@7382f612
java.io.FileInputStream@2c6a3f77
java.io.FileInputStream@62043840
</system-out>
    <system-err>Starting ChromeDriver 104.0.5112.79 (3cf3e8c8a07d104b9e1260c910efb8f383285dc5-refs/branch-heads/5112@{#1307}) on port 58323
Only local connections are allowed.
Please see https://chromedriver.chromium.org/security-considerations for suggestions on keeping ChromeDriver safe.
ChromeDriver was started successfully.
[1663567372.653][WARNING]: This version of ChromeDriver has not been tested with Chrome version 105.
Sep 19, 2022 11:32:53 AM org.openqa.selenium.remote.ProtocolHandshake createSession
INFO: Detected upstream dialect: W3C
Sep 19, 2022 11:32:53 AM org.openqa.selenium.devtools.CdpVersionFinder findNearestMatch
WARNING: Unable to find an exact match for CDP version 105, so returning the closest version found: 103
Sep 19, 2022 11:32:53 AM org.openqa.selenium.devtools.CdpVersionFinder findNearestMatch
INFO: Found CDP implementation for version 105 of 103
Starting ChromeDriver 104.0.5112.79 (3cf3e8c8a07d104b9e1260c910efb8f383285dc5-refs/branch-heads/5112@{#1307}) on port 63760
Only local connections are allowed.
Please see https://chromedriver.chromium.org/security-considerations for suggestions on keeping ChromeDriver safe.
ChromeDriver was started successfully.
[1663567375.089][WARNING]: This version of ChromeDriver has not been tested with Chrome version 105.
Sep 19, 2022 11:32:55 AM org.openqa.selenium.remote.ProtocolHandshake createSession
INFO: Detected upstream dialect: W3C
Sep 19, 2022 11:32:55 AM org.openqa.selenium.devtools.CdpVersionFinder findNearestMatch
WARNING: Unable to find an exact match for CDP version 105, so returning the closest version found: 103
Sep 19, 2022 11:32:55 AM org.openqa.selenium.devtools.CdpVersionFinder findNearestMatch
INFO: Found CDP implementation for version 105 of 103
</system-err>
  </testcase>
  <testcase classname="com.orient.qa.testcases.HomePageTest" name="ValidateTextIfNoDataWithinGenteredDate" time="0">
    <skipped/>
  </testcase>
  <testcase classname="com.orient.qa.testcases.HomePageTest" name="SetUp" time="0">
    <skipped/>
  </testcase>
  <testcase classname="com.orient.qa.testcases.HomePageTest" name="Searchfunshouldworkfinewithnodata" time="0">
    <skipped/>
  </testcase>
  <testcase classname="com.orient.qa.testcases.HomePageTest" name="SetUp" time="0.001">
    <skipped/>
  </testcase>
  <testcase classname="com.orient.qa.testcases.HomePageTest" name="VerifyHomePageTitle" time="0">
    <skipped/>
  </testcase>
  <testcase classname="com.orient.qa.testcases.LoginPageTest" name="SetUp" time="4.1">
    <failure type="java.lang.NullPointerException">java.lang.NullPointerException
	at com.orient.qa.base.TestBase.initilization(TestBase.java:72)
	at com.orient.qa.testcases.LoginPageTest.SetUp(LoginPageTest.java:47)
</failure>
    <system-err>Starting ChromeDriver 104.0.5112.79 (3cf3e8c8a07d104b9e1260c910efb8f383285dc5-refs/branch-heads/5112@{#1307}) on port 61272
Only local connections are allowed.
Please see https://chromedriver.chromium.org/security-considerations for suggestions on keeping ChromeDriver safe.
ChromeDriver was started successfully.
[1663567377.384][WARNING]: This version of ChromeDriver has not been tested with Chrome version 105.
Sep 19, 2022 11:32:57 AM org.openqa.selenium.remote.ProtocolHandshake createSession
INFO: Detected upstream dialect: W3C
Sep 19, 2022 11:32:57 AM org.openqa.selenium.devtools.CdpVersionFinder findNearestMatch
WARNING: Unable to find an exact match for CDP version 105, so returning the closest version found: 103
Sep 19, 2022 11:32:57 AM org.openqa.selenium.devtools.CdpVersionFinder findNearestMatch
INFO: Found CDP implementation for version 105 of 103
Starting ChromeDriver 104.0.5112.79 (3cf3e8c8a07d104b9e1260c910efb8f383285dc5-refs/branch-heads/5112@{#1307}) on port 51129
Only local connections are allowed.
Please see https://chromedriver.chromium.org/security-considerations for suggestions on keeping ChromeDriver safe.
ChromeDriver was started successfully.
[1663567379.104][WARNING]: This version of ChromeDriver has not been tested with Chrome version 105.
Sep 19, 2022 11:32:59 AM org.openqa.selenium.remote.ProtocolHandshake createSession
INFO: Detected upstream dialect: W3C
Sep 19, 2022 11:32:59 AM org.openqa.selenium.devtools.CdpVersionFinder findNearestMatch
WARNING: Unable to find an exact match for CDP version 105, so returning the closest version found: 103
Sep 19, 2022 11:32:59 AM org.openqa.selenium.devtools.CdpVersionFinder findNearestMatch
INFO: Found CDP implementation for version 105 of 103
</system-err>
  </testcase>
  <testcase classname="com.orient.qa.testcases.LoginPageTest" name="Searchfunshouldworkfinewithnodata1" time="0">
    <skipped/>
  </testcase>
  <testcase classname="com.orient.qa.testcases.HomePageTest" name="SetUp" time="0.001">
    <skipped/>
  </testcase>
  <testcase classname="com.orient.qa.testcases.HomePageTest" name="Searchfunshouldworkfinewithproperdata" time="0">
    <skipped/>
  </testcase>
  <testcase classname="com.orient.qa.testcases.LoginPageTest" name="SetUp" time="0.001">
    <skipped/>
  </testcase>
  <testcase classname="com.orient.qa.testcases.LoginPageTest" name="Searchfunshouldworkfinewithproperdata" time="0.002">
    <skipped/>
  </testcase>
  <testcase classname="com.orient.qa.testcases.HomePageTest" name="SetUp" time="0.002">
    <skipped/>
  </testcase>
  <testcase classname="com.orient.qa.testcases.HomePageTest" name="Verifyuserabletoclickonviewbutton" time="0">
    <skipped/>
  </testcase>
</testsuite>