<?xml version="1.0" encoding="UTF-8"?>
<testng-results skipped="7" failed="0" total="7" passed="0">
  <reporter-output>
  </reporter-output>
  <suite name="Command line suite" duration-ms="12002" started-at="2022-09-19T06:02:47Z" finished-at="2022-09-19T06:02:59Z">
    <groups>
    </groups>
    <test name="Command line test" duration-ms="12002" started-at="2022-09-19T06:02:47Z" finished-at="2022-09-19T06:02:59Z">
      <class name="com.orient.qa.testcases.HomePageTest">
        <test-method status="FAIL" signature="SetUp()[pri:0, instance:com.orient.qa.testcases.HomePageTest@50f8360d]" name="SetUp" is-config="true" duration-ms="0" started-at="2022-09-19T11:32:47Z" finished-at="2022-09-19T11:32:47Z">
          <exception class="java.lang.NullPointerException">
            <full-stacktrace>
              <![CDATA[java.lang.NullPointerException
	at com.orient.qa.base.TestBase.initilization(TestBase.java:72)
	at com.orient.qa.testcases.HomePageTest.SetUp(HomePageTest.java:27)
	at sun.reflect.NativeMethodAccessorImpl.invoke0(Native Method)
	at sun.reflect.NativeMethodAccessorImpl.invoke(NativeMethodAccessorImpl.java:62)
	at sun.reflect.DelegatingMethodAccessorImpl.invoke(DelegatingMethodAccessorImpl.java:43)
	at java.lang.reflect.Method.invoke(Method.java:498)
	at org.testng.internal.MethodInvocationHelper.invokeMethod(MethodInvocationHelper.java:80)
	at org.testng.internal.Invoker.invokeConfigurationMethod(Invoker.java:564)
	at org.testng.internal.Invoker.invokeConfigurations(Invoker.java:213)
	at org.testng.internal.Invoker.invokeMethod(Invoker.java:653)
	at org.testng.internal.Invoker.invokeTestMethod(Invoker.java:901)
	at org.testng.internal.Invoker.invokeTestMethods(Invoker.java:1231)
	at org.testng.internal.TestMethodWorker.invokeTestMethods(TestMethodWorker.java:127)
	at org.testng.internal.TestMethodWorker.run(TestMethodWorker.java:111)
	at org.testng.TestRunner.privateRun(TestRunner.java:767)
	at org.testng.TestRunner.run(TestRunner.java:617)
	at org.testng.SuiteRunner.runTest(SuiteRunner.java:334)
	at org.testng.SuiteRunner.runSequentially(SuiteRunner.java:329)
	at org.testng.SuiteRunner.privateRun(SuiteRunner.java:291)
	at org.testng.SuiteRunner.run(SuiteRunner.java:240)
	at org.testng.SuiteRunnerWorker.runSuite(SuiteRunnerWorker.java:52)
	at org.testng.SuiteRunnerWorker.run(SuiteRunnerWorker.java:86)
	at org.testng.TestNG.runSuitesSequentially(TestNG.java:1198)
	at org.testng.TestNG.runSuitesLocally(TestNG.java:1123)
	at org.testng.TestNG.run(TestNG.java:1031)
	at org.apache.maven.surefire.testng.TestNGExecutor.run(TestNGExecutor.java:77)
	at org.apache.maven.surefire.testng.TestNGDirectoryTestSuite.executeMulti(TestNGDirectoryTestSuite.java:159)
	at org.apache.maven.surefire.testng.TestNGDirectoryTestSuite.execute(TestNGDirectoryTestSuite.java:99)
	at org.apache.maven.surefire.testng.TestNGProvider.invoke(TestNGProvider.java:106)
	at sun.reflect.NativeMethodAccessorImpl.invoke0(Native Method)
	at sun.reflect.NativeMethodAccessorImpl.invoke(NativeMethodAccessorImpl.java:62)
	at sun.reflect.DelegatingMethodAccessorImpl.invoke(DelegatingMethodAccessorImpl.java:43)
	at java.lang.reflect.Method.invoke(Method.java:498)
	at org.apache.maven.surefire.util.ReflectionUtils.invokeMethodWithArray(ReflectionUtils.java:189)
	at org.apache.maven.surefire.booter.ProviderFactory$ProviderProxy.invoke(ProviderFactory.java:165)
	at org.apache.maven.surefire.booter.ProviderFactory.invokeProvider(ProviderFactory.java:85)
	at org.apache.maven.surefire.booter.ForkedBooter.runSuitesInProcess(ForkedBooter.java:115)
	at org.apache.maven.surefire.booter.ForkedBooter.main(ForkedBooter.java:75)
]]>
            </full-stacktrace>
          </exception> <!-- java.lang.NullPointerException -->
          <reporter-output>
          </reporter-output>
        </test-method> <!-- SetUp -->
        <test-method status="SKIP" signature="ValidateTextIfNoDataWithinGenteredDate()[pri:0, instance:com.orient.qa.testcases.HomePageTest@50f8360d]" name="ValidateTextIfNoDataWithinGenteredDate" duration-ms="2" started-at="2022-09-19T11:32:55Z" finished-at="2022-09-19T11:32:55Z">
          <reporter-output>
          </reporter-output>
        </test-method> <!-- ValidateTextIfNoDataWithinGenteredDate -->
        <test-method status="SKIP" signature="Searchfunshouldworkfinewithnodata()[pri:0, instance:com.orient.qa.testcases.HomePageTest@50f8360d]" name="Searchfunshouldworkfinewithnodata" duration-ms="1" started-at="2022-09-19T11:32:55Z" finished-at="2022-09-19T11:32:55Z">
          <reporter-output>
          </reporter-output>
        </test-method> <!-- Searchfunshouldworkfinewithnodata -->
        <test-method status="SKIP" signature="SetUp()[pri:0, instance:com.orient.qa.testcases.HomePageTest@50f8360d]" name="SetUp" is-config="true" duration-ms="0" started-at="2022-09-19T11:32:55Z" finished-at="2022-09-19T11:32:55Z">
          <reporter-output>
          </reporter-output>
        </test-method> <!-- SetUp -->
        <test-method status="SKIP" signature="VerifyHomePageTitle()[pri:0, instance:com.orient.qa.testcases.HomePageTest@50f8360d]" name="VerifyHomePageTitle" duration-ms="0" started-at="2022-09-19T11:32:55Z" finished-at="2022-09-19T11:32:55Z">
          <reporter-output>
          </reporter-output>
        </test-method> <!-- VerifyHomePageTitle -->
        <test-method status="SKIP" signature="SetUp()[pri:0, instance:com.orient.qa.testcases.HomePageTest@50f8360d]" name="SetUp" is-config="true" duration-ms="0" started-at="2022-09-19T11:32:55Z" finished-at="2022-09-19T11:32:55Z">
          <reporter-output>
          </reporter-output>
        </test-method> <!-- SetUp -->
        <test-method status="SKIP" signature="SetUp()[pri:0, instance:com.orient.qa.testcases.HomePageTest@50f8360d]" name="SetUp" is-config="true" duration-ms="0" started-at="2022-09-19T11:32:59Z" finished-at="2022-09-19T11:32:59Z">
          <reporter-output>
          </reporter-output>
        </test-method> <!-- SetUp -->
        <test-method status="SKIP" signature="Searchfunshouldworkfinewithproperdata()[pri:0, instance:com.orient.qa.testcases.HomePageTest@50f8360d]" name="Searchfunshouldworkfinewithproperdata" duration-ms="0" started-at="2022-09-19T11:32:59Z" finished-at="2022-09-19T11:32:59Z">
          <reporter-output>
          </reporter-output>
        </test-method> <!-- Searchfunshouldworkfinewithproperdata -->
        <test-method status="SKIP" signature="Verifyuserabletoclickonviewbutton()[pri:0, instance:com.orient.qa.testcases.HomePageTest@50f8360d]" name="Verifyuserabletoclickonviewbutton" duration-ms="0" started-at="2022-09-19T11:32:59Z" finished-at="2022-09-19T11:32:59Z">
          <reporter-output>
          </reporter-output>
        </test-method> <!-- Verifyuserabletoclickonviewbutton -->
        <test-method status="SKIP" signature="SetUp()[pri:0, instance:com.orient.qa.testcases.HomePageTest@50f8360d]" name="SetUp" is-config="true" duration-ms="0" started-at="2022-09-19T11:32:59Z" finished-at="2022-09-19T11:32:59Z">
          <reporter-output>
          </reporter-output>
        </test-method> <!-- SetUp -->
      </class> <!-- com.orient.qa.testcases.HomePageTest -->
      <class name="com.orient.qa.testcases.LoginPageTest">
        <test-method status="FAIL" signature="SetUp()[pri:0, instance:com.orient.qa.testcases.LoginPageTest@6276ae34]" name="SetUp" is-config="true" duration-ms="0" started-at="2022-09-19T11:32:55Z" finished-at="2022-09-19T11:32:55Z">
          <exception class="java.lang.NullPointerException">
            <full-stacktrace>
              <![CDATA[java.lang.NullPointerException
	at com.orient.qa.base.TestBase.initilization(TestBase.java:72)
	at com.orient.qa.testcases.LoginPageTest.SetUp(LoginPageTest.java:47)
	at sun.reflect.NativeMethodAccessorImpl.invoke0(Native Method)
	at sun.reflect.NativeMethodAccessorImpl.invoke(NativeMethodAccessorImpl.java:62)
	at sun.reflect.DelegatingMethodAccessorImpl.invoke(DelegatingMethodAccessorImpl.java:43)
	at java.lang.reflect.Method.invoke(Method.java:498)
	at org.testng.internal.MethodInvocationHelper.invokeMethod(MethodInvocationHelper.java:80)
	at org.testng.internal.Invoker.invokeConfigurationMethod(Invoker.java:564)
	at org.testng.internal.Invoker.invokeConfigurations(Invoker.java:213)
	at org.testng.internal.Invoker.invokeMethod(Invoker.java:653)
	at org.testng.internal.Invoker.invokeTestMethod(Invoker.java:901)
	at org.testng.internal.Invoker.invokeTestMethods(Invoker.java:1231)
	at org.testng.internal.TestMethodWorker.invokeTestMethods(TestMethodWorker.java:127)
	at org.testng.internal.TestMethodWorker.run(TestMethodWorker.java:111)
	at org.testng.TestRunner.privateRun(TestRunner.java:767)
	at org.testng.TestRunner.run(TestRunner.java:617)
	at org.testng.SuiteRunner.runTest(SuiteRunner.java:334)
	at org.testng.SuiteRunner.runSequentially(SuiteRunner.java:329)
	at org.testng.SuiteRunner.privateRun(SuiteRunner.java:291)
	at org.testng.SuiteRunner.run(SuiteRunner.java:240)
	at org.testng.SuiteRunnerWorker.runSuite(SuiteRunnerWorker.java:52)
	at org.testng.SuiteRunnerWorker.run(SuiteRunnerWorker.java:86)
	at org.testng.TestNG.runSuitesSequentially(TestNG.java:1198)
	at org.testng.TestNG.runSuitesLocally(TestNG.java:1123)
	at org.testng.TestNG.run(TestNG.java:1031)
	at org.apache.maven.surefire.testng.TestNGExecutor.run(TestNGExecutor.java:77)
	at org.apache.maven.surefire.testng.TestNGDirectoryTestSuite.executeMulti(TestNGDirectoryTestSuite.java:159)
	at org.apache.maven.surefire.testng.TestNGDirectoryTestSuite.execute(TestNGDirectoryTestSuite.java:99)
	at org.apache.maven.surefire.testng.TestNGProvider.invoke(TestNGProvider.java:106)
	at sun.reflect.NativeMethodAccessorImpl.invoke0(Native Method)
	at sun.reflect.NativeMethodAccessorImpl.invoke(NativeMethodAccessorImpl.java:62)
	at sun.reflect.DelegatingMethodAccessorImpl.invoke(DelegatingMethodAccessorImpl.java:43)
	at java.lang.reflect.Method.invoke(Method.java:498)
	at org.apache.maven.surefire.util.ReflectionUtils.invokeMethodWithArray(ReflectionUtils.java:189)
	at org.apache.maven.surefire.booter.ProviderFactory$ProviderProxy.invoke(ProviderFactory.java:165)
	at org.apache.maven.surefire.booter.ProviderFactory.invokeProvider(ProviderFactory.java:85)
	at org.apache.maven.surefire.booter.ForkedBooter.runSuitesInProcess(ForkedBooter.java:115)
	at org.apache.maven.surefire.booter.ForkedBooter.main(ForkedBooter.java:75)
]]>
            </full-stacktrace>
          </exception> <!-- java.lang.NullPointerException -->
          <reporter-output>
          </reporter-output>
        </test-method> <!-- SetUp -->
        <test-method status="SKIP" signature="Searchfunshouldworkfinewithnodata1()[pri:0, instance:com.orient.qa.testcases.LoginPageTest@6276ae34]" name="Searchfunshouldworkfinewithnodata1" duration-ms="0" started-at="2022-09-19T11:32:59Z" finished-at="2022-09-19T11:32:59Z">
          <reporter-output>
          </reporter-output>
        </test-method> <!-- Searchfunshouldworkfinewithnodata1 -->
        <test-method status="SKIP" signature="Searchfunshouldworkfinewithproperdata()[pri:0, instance:com.orient.qa.testcases.LoginPageTest@6276ae34]" name="Searchfunshouldworkfinewithproperdata" duration-ms="0" started-at="2022-09-19T11:32:59Z" finished-at="2022-09-19T11:32:59Z">
          <reporter-output>
          </reporter-output>
        </test-method> <!-- Searchfunshouldworkfinewithproperdata -->
        <test-method status="SKIP" signature="SetUp()[pri:0, instance:com.orient.qa.testcases.LoginPageTest@6276ae34]" name="SetUp" is-config="true" duration-ms="0" started-at="2022-09-19T11:32:59Z" finished-at="2022-09-19T11:32:59Z">
          <reporter-output>
          </reporter-output>
        </test-method> <!-- SetUp -->
      </class> <!-- com.orient.qa.testcases.LoginPageTest -->
    </test> <!-- Command line test -->
  </suite> <!-- Command line suite -->
</testng-results>
